TN:
SF:src\app.ts
FN:21,(anonymous_12)
FN:33,(anonymous_13)
FN:34,(anonymous_15)
FN:43,(anonymous_16)
FN:52,(anonymous_17)
FN:56,(anonymous_18)
FN:59,(anonymous_19)
FNF:7
FNH:7
FNDA:1,(anonymous_12)
FNDA:1,(anonymous_13)
FNDA:1,(anonymous_15)
FNDA:1,(anonymous_16)
FNDA:1,(anonymous_17)
FNDA:1,(anonymous_18)
FNDA:1,(anonymous_19)
DA:1,1
DA:2,1
DA:4,1
DA:5,1
DA:7,1
DA:12,1
DA:13,1
DA:16,1
DA:22,1
DA:23,1
DA:24,1
DA:25,1
DA:26,1
DA:28,1
DA:29,1
DA:30,1
DA:34,1
DA:35,1
DA:37,1
DA:38,1
DA:39,1
DA:40,1
DA:44,1
DA:45,1
DA:46,1
DA:47,1
DA:48,1
DA:53,1
DA:57,1
DA:60,1
LF:30
LH:30
BRDA:46,0,0,1
BRF:1
BRH:1
end_of_record
TN:
SF:src\main.ts
FN:20,(anonymous_8)
FN:36,(anonymous_9)
FN:36,(anonymous_10)
FNF:3
FNH:3
FNDA:1,(anonymous_8)
FNDA:1,(anonymous_9)
FNDA:1,(anonymous_10)
DA:1,1
DA:2,1
DA:4,1
DA:5,1
DA:6,1
DA:8,1
DA:9,1
DA:11,1
DA:15,1
DA:16,1
DA:17,1
DA:20,1
DA:21,1
DA:22,1
DA:23,1
DA:24,1
DA:25,1
DA:26,1
DA:27,1
DA:28,1
DA:36,1
DA:37,1
DA:38,1
DA:39,1
DA:40,1
DA:41,1
DA:44,1
LF:27
LH:27
BRF:0
BRH:0
end_of_record
TN:
SF:src\types.ts
FNF:0
FNH:0
DA:1,1
LF:1
LH:1
BRF:0
BRH:0
end_of_record
TN:
SF:src\common\auth.guard.ts
FN:5,(anonymous_0)
FNF:1
FNH:0
FNDA:0,(anonymous_0)
DA:4,1
DA:6,0
DA:7,0
DA:9,0
LF:4
LH:1
BRDA:6,0,0,0
BRF:1
BRH:0
end_of_record
TN:
SF:src\common\auth.middleware.ts
FN:7,(anonymous_0)
FN:9,(anonymous_1)
FN:13,(anonymous_2)
FNF:3
FNH:2
FNDA:1,(anonymous_0)
FNDA:12,(anonymous_1)
FNDA:0,(anonymous_2)
DA:2,1
DA:6,1
DA:7,1
DA:10,12
DA:11,0
DA:12,0
DA:13,0
DA:14,0
DA:15,0
DA:16,0
DA:17,0
DA:18,0
DA:19,0
DA:25,12
LF:14
LH:5
BRDA:10,0,0,0
BRDA:10,0,1,12
BRDA:11,1,0,0
BRDA:11,1,1,0
BRDA:11,2,0,0
BRDA:11,2,1,0
BRDA:12,3,0,0
BRDA:12,4,0,0
BRDA:12,4,1,0
BRDA:14,5,0,0
BRDA:14,5,1,0
BRDA:16,6,0,0
BRDA:17,7,0,0
BRDA:18,8,0,0
BRDA:18,8,1,0
BRDA:18,9,0,0
BRDA:18,9,1,0
BRF:17
BRH:1
end_of_record
TN:
SF:src\common\base.controller.ts
FN:13,(anonymous_2)
FN:17,(anonymous_3)
FN:21,(anonymous_4)
FN:22,(anonymous_5)
FN:23,(anonymous_6)
FNF:5
FNH:5
FNDA:1,(anonymous_2)
FNDA:7,(anonymous_3)
FNDA:1,(anonymous_4)
FNDA:6,(anonymous_5)
FNDA:3,(anonymous_6)
DA:1,1
DA:2,1
DA:3,1
DA:10,1
DA:13,1
DA:14,1
DA:18,7
DA:22,1
DA:23,6
DA:24,3
DA:26,6
DA:27,6
DA:28,6
LF:13
LH:13
BRF:0
BRH:0
end_of_record
TN:
SF:src\common\validate.middleware.ts
FN:8,(anonymous_0)
FN:10,(anonymous_1)
FN:12,(anonymous_2)
FNF:3
FNH:3
FNDA:2,(anonymous_0)
FNDA:10,(anonymous_1)
FNDA:10,(anonymous_2)
DA:1,1
DA:2,1
DA:7,1
DA:8,2
DA:11,10
DA:12,10
DA:13,10
DA:14,6
DA:16,4
LF:9
LH:9
BRDA:13,0,0,6
BRDA:13,0,1,4
BRF:2
BRH:2
end_of_record
TN:
SF:src\config\config.service.ts
FN:11,(anonymous_4)
FN:20,(anonymous_5)
FNF:2
FNH:2
FNDA:1,(anonymous_4)
FNDA:4,(anonymous_5)
DA:1,1
DA:2,1
DA:4,1
DA:9,1
DA:11,1
DA:12,1
DA:13,1
DA:14,0
DA:16,1
DA:21,4
DA:22,4
DA:24,0
LF:12
LH:10
BRDA:13,0,0,0
BRDA:13,0,1,1
BRDA:21,1,0,4
BRDA:21,1,1,0
BRF:4
BRH:2
end_of_record
TN:
SF:src\database\prisma.service.ts
FN:11,(anonymous_12)
FN:15,(anonymous_13)
FN:26,(anonymous_15)
FNF:3
FNH:2
FNDA:1,(anonymous_12)
FNDA:1,(anonymous_13)
FNDA:0,(anonymous_15)
DA:1,1
DA:2,1
DA:4,1
DA:5,1
DA:8,1
DA:11,1
DA:12,1
DA:16,1
DA:17,1
DA:18,1
DA:20,0
DA:21,0
DA:27,0
DA:28,0
DA:29,0
DA:31,0
DA:32,0
LF:17
LH:10
BRDA:20,0,0,0
BRDA:31,1,0,0
BRF:2
BRH:0
end_of_record
TN:
SF:src\error\exception.filter.ts
FN:12,(anonymous_4)
FN:14,(anonymous_5)
FNF:2
FNH:1
FNDA:1,(anonymous_4)
FNDA:0,(anonymous_5)
DA:2,1
DA:3,1
DA:5,1
DA:8,1
DA:11,1
DA:12,1
DA:15,0
DA:16,0
DA:19,0
DA:20,0
DA:21,0
DA:23,0
DA:24,0
DA:25,0
DA:26,0
LF:15
LH:6
BRDA:15,0,0,0
BRDA:15,0,1,0
BRF:2
BRH:0
end_of_record
TN:
SF:src\error\http-error.class.ts
FN:4,(anonymous_0)
FNF:1
FNH:0
FNDA:0,(anonymous_0)
DA:1,1
DA:5,0
DA:6,0
DA:7,0
DA:8,0
LF:5
LH:1
BRF:0
BRH:0
end_of_record
TN:
SF:src\logger\logger.service.ts
FN:8,(anonymous_2)
FN:12,(anonymous_3)
FN:15,(anonymous_4)
FN:18,(anonymous_5)
FNF:4
FNH:2
FNDA:1,(anonymous_2)
FNDA:12,(anonymous_3)
FNDA:0,(anonymous_4)
FNDA:0,(anonymous_5)
DA:1,1
DA:2,1
DA:3,1
DA:6,1
DA:9,1
DA:13,12
DA:16,0
DA:19,0
LF:8
LH:6
BRF:0
BRH:0
end_of_record
TN:
SF:src\user\user.controller.ts
FN:21,(anonymous_12)
FN:50,(anonymous_13)
FN:70,(anonymous_15)
FN:84,(anonymous_17)
FN:103,(anonymous_19)
FN:116,(anonymous_21)
FN:130,(anonymous_23)
FN:134,(anonymous_24)
FN:135,(anonymous_26)
FN:140,(anonymous_27)
FNF:10
FNH:7
FNDA:1,(anonymous_12)
FNDA:2,(anonymous_13)
FNDA:2,(anonymous_15)
FNDA:2,(anonymous_17)
FNDA:0,(anonymous_19)
FNDA:0,(anonymous_21)
FNDA:0,(anonymous_23)
FNDA:2,(anonymous_24)
FNDA:2,(anonymous_26)
FNDA:2,(anonymous_27)
DA:2,1
DA:3,1
DA:4,1
DA:7,1
DA:8,1
DA:9,1
DA:13,1
DA:14,1
DA:15,1
DA:17,1
DA:20,1
DA:22,1
DA:23,1
DA:24,1
DA:26,1
DA:28,1
DA:47,1
DA:55,2
DA:56,2
DA:57,2
DA:58,2
DA:59,1
DA:61,1
DA:62,1
DA:67,2
DA:75,2
DA:76,2
DA:77,2
DA:78,2
DA:79,1
DA:81,2
DA:90,2
DA:91,2
DA:92,1
DA:93,1
DA:94,1
DA:95,1
DA:97,1
DA:99,2
DA:100,2
DA:104,0
DA:105,0
DA:106,0
DA:107,0
DA:108,0
DA:109,0
DA:111,0
DA:112,0
DA:113,0
DA:117,0
DA:118,0
DA:119,0
DA:120,0
DA:121,0
DA:122,0
DA:123,0
DA:125,0
DA:126,0
DA:127,0
DA:131,0
DA:135,2
DA:136,2
DA:141,2
DA:142,2
LF:64
LH:44
BRDA:57,0,0,1
BRDA:58,1,0,1
BRDA:61,2,0,1
BRDA:77,3,0,1
BRDA:78,4,0,1
BRDA:91,5,0,1
BRDA:91,5,1,1
BRDA:93,6,0,1
BRDA:105,7,0,0
BRDA:119,8,0,0
BRDA:141,9,0,0
BRDA:142,10,0,2
BRF:12
BRH:9
end_of_record
TN:
SF:src\user\user.entity.ts
FN:4,(anonymous_7)
FN:9,(anonymous_8)
FN:12,(anonymous_9)
FN:15,(anonymous_10)
FN:18,(anonymous_11)
FN:21,(anonymous_13)
FNF:6
FNH:6
FNDA:3,(anonymous_7)
FNDA:1,(anonymous_8)
FNDA:1,(anonymous_9)
FNDA:2,(anonymous_10)
FNDA:1,(anonymous_11)
FNDA:2,(anonymous_13)
DA:1,1
DA:3,1
DA:5,3
DA:6,3
DA:7,3
DA:10,1
DA:13,1
DA:16,2
DA:19,1
DA:22,2
LF:10
LH:10
BRF:0
BRH:0
end_of_record
TN:
SF:src\user\user.repository.ts
FN:11,(anonymous_11)
FN:12,(anonymous_12)
FN:12,(anonymous_13)
FN:18,(anonymous_14)
FN:22,(anonymous_16)
FN:26,(anonymous_18)
FNF:6
FNH:5
FNDA:1,(anonymous_11)
FNDA:1,(anonymous_12)
FNDA:1,(anonymous_13)
FNDA:4,(anonymous_14)
FNDA:0,(anonymous_16)
FNDA:2,(anonymous_18)
DA:2,1
DA:4,1
DA:7,1
DA:10,1
DA:11,1
DA:12,1
DA:13,1
DA:19,4
DA:23,0
DA:27,2
DA:28,2
DA:32,1
LF:12
LH:11
BRF:0
BRH:0
end_of_record
TN:
SF:src\user\user.service.ts
FN:16,(anonymous_11)
FN:23,(anonymous_12)
FN:36,(anonymous_14)
FN:46,(anonymous_16)
FN:50,(anonymous_18)
FN:54,(anonymous_20)
FN:55,(anonymous_22)
FN:56,(anonymous_23)
FNF:8
FNH:4
FNDA:1,(anonymous_11)
FNDA:2,(anonymous_12)
FNDA:2,(anonymous_14)
FNDA:0,(anonymous_16)
FNDA:2,(anonymous_18)
FNDA:0,(anonymous_20)
FNDA:0,(anonymous_22)
FNDA:0,(anonymous_23)
DA:1,1
DA:2,1
DA:4,1
DA:7,1
DA:15,1
DA:17,1
DA:18,1
DA:19,1
DA:21,1
DA:24,2
DA:25,2
DA:26,2
DA:27,1
DA:28,1
DA:29,1
DA:30,1
DA:32,1
DA:37,2
DA:38,2
DA:39,0
DA:41,2
DA:42,2
DA:47,0
DA:51,2
DA:55,0
DA:56,0
DA:57,0
LF:27
LH:22
BRDA:26,0,0,1
BRDA:26,0,1,1
BRDA:38,1,0,0
BRDA:38,1,1,2
BRF:4
BRH:3
end_of_record
TN:
SF:src\user\dto\userLogin.dto.ts
FNF:0
FNH:0
DA:1,1
DA:3,1
DA:6,1
DA:9,1
LF:4
LH:4
BRF:0
BRH:0
end_of_record
TN:
SF:src\user\dto\userRegister.dto.ts
FNF:0
FNH:0
DA:1,1
DA:3,1
DA:6,1
DA:9,1
DA:12,1
LF:5
LH:5
BRF:0
BRH:0
end_of_record
