{"D:\\projects\\nodejs-architect\\src\\types.ts": {"path":"D:\\projects\\nodejs-architect\\src\\types.ts","statementMap":{"0":{"start":{"line":1,"column":13},"end":{"line":10,"column":2}}},"fnMap":{},"branchMap":{},"s":{"0":1},"f":{},"b":{}}
,"D:\\projects\\nodejs-architect\\src\\user\\user.entity.ts": {"path":"D:\\projects\\nodejs-architect\\src\\user\\user.entity.ts","statementMap":{"0":{"start":{"line":1,"column":0},"end":{"line":1,"column":41}},"1":{"start":{"line":5,"column":10},"end":{"line":5,"column":24}},"2":{"start":{"line":6,"column":10},"end":{"line":6,"column":23}},"3":{"start":{"line":7,"column":10},"end":{"line":7,"column":27}},"4":{"start":{"line":10,"column":2},"end":{"line":10,"column":21}},"5":{"start":{"line":13,"column":2},"end":{"line":13,"column":20}},"6":{"start":{"line":16,"column":2},"end":{"line":16,"column":24}},"7":{"start":{"line":19,"column":2},"end":{"line":19,"column":42}},"8":{"start":{"line":22,"column":2},"end":{"line":22,"column":39}},"9":{"start":{"line":3,"column":0},"end":{"line":3,"column":13}}},"fnMap":{"0":{"name":"(anonymous_7)","decl":{"start":{"line":4,"column":1},"end":{"line":4,"column":null}},"loc":{"start":{"line":7,"column":27},"end":{"line":8,"column":5}}},"1":{"name":"(anonymous_8)","decl":{"start":{"line":9,"column":1},"end":{"line":9,"column":5}},"loc":{"start":{"line":9,"column":10},"end":{"line":11,"column":2}}},"2":{"name":"(anonymous_9)","decl":{"start":{"line":12,"column":1},"end":{"line":12,"column":5}},"loc":{"start":{"line":12,"column":9},"end":{"line":14,"column":2}}},"3":{"name":"(anonymous_10)","decl":{"start":{"line":15,"column":1},"end":{"line":15,"column":5}},"loc":{"start":{"line":15,"column":13},"end":{"line":17,"column":2}}},"4":{"name":"(anonymous_11)","decl":{"start":{"line":18,"column":14},"end":{"line":18,"column":25}},"loc":{"start":{"line":18,"column":52},"end":{"line":20,"column":null}}},"5":{"name":"(anonymous_13)","decl":{"start":{"line":21,"column":14},"end":{"line":21,"column":29}},"loc":{"start":{"line":21,"column":42},"end":{"line":23,"column":null}}}},"branchMap":{},"s":{"0":1,"1":3,"2":3,"3":3,"4":2,"5":3,"6":4,"7":1,"8":2,"9":1},"f":{"0":3,"1":2,"2":3,"3":4,"4":1,"5":2},"b":{}}
,"D:\\projects\\nodejs-architect\\src\\user\\user.service.ts": {"path":"D:\\projects\\nodejs-architect\\src\\user\\user.service.ts","statementMap":{"0":{"start":{"line":1,"column":0},"end":{"line":1,"column":47}},"1":{"start":{"line":2,"column":0},"end":{"line":2,"column":26}},"2":{"start":{"line":4,"column":0},"end":{"line":4,"column":33}},"3":{"start":{"line":7,"column":0},"end":{"line":7,"column":43}},"4":{"start":{"line":15,"column":15},"end":{"line":61,"column":null}},"5":{"start":{"line":17,"column":39},"end":{"line":17,"column":61}},"6":{"start":{"line":18,"column":39},"end":{"line":18,"column":68}},"7":{"start":{"line":19,"column":40},"end":{"line":19,"column":71}},"8":{"start":{"line":21,"column":2},"end":{"line":21,"column":69}},"9":{"start":{"line":24,"column":36},"end":{"line":24,"column":39}},"10":{"start":{"line":25,"column":22},"end":{"line":25,"column":59}},"11":{"start":{"line":26,"column":2},"end":{"line":33,"column":3}},"12":{"start":{"line":27,"column":16},"end":{"line":27,"column":57}},"13":{"start":{"line":28,"column":19},"end":{"line":28,"column":56}},"14":{"start":{"line":29,"column":3},"end":{"line":29,"column":53}},"15":{"start":{"line":30,"column":3},"end":{"line":30,"column":46}},"16":{"start":{"line":32,"column":3},"end":{"line":32,"column":15}},"17":{"start":{"line":37,"column":20},"end":{"line":37,"column":62}},"18":{"start":{"line":38,"column":2},"end":{"line":43,"column":3}},"19":{"start":{"line":39,"column":3},"end":{"line":39,"column":16}},"20":{"start":{"line":41,"column":22},"end":{"line":41,"column":89}},"21":{"start":{"line":42,"column":3},"end":{"line":42,"column":58}},"22":{"start":{"line":47,"column":2},"end":{"line":47,"column":45}},"23":{"start":{"line":51,"column":2},"end":{"line":51,"column":49}},"24":{"start":{"line":55,"column":2},"end":{"line":59,"column":5}},"25":{"start":{"line":56,"column":3},"end":{"line":58,"column":12}},"26":{"start":{"line":57,"column":4},"end":{"line":57,"column":68}},"27":{"start":{"line":15,"column":21},"end":{"line":61,"column":null}},"28":{"start":{"line":15,"column":21},"end":{"line":15,"column":null}}},"fnMap":{"0":{"name":"(anonymous_11)","decl":{"start":{"line":16,"column":1},"end":{"line":16,"column":null}},"loc":{"start":{"line":19,"column":71},"end":{"line":22,"column":2}}},"1":{"name":"(anonymous_12)","decl":{"start":{"line":23,"column":7},"end":{"line":23,"column":17}},"loc":{"start":{"line":23,"column":38},"end":{"line":34,"column":null}}},"2":{"name":"(anonymous_14)","decl":{"start":{"line":36,"column":7},"end":{"line":36,"column":19}},"loc":{"start":{"line":36,"column":38},"end":{"line":44,"column":null}}},"3":{"name":"(anonymous_16)","decl":{"start":{"line":46,"column":7},"end":{"line":46,"column":18}},"loc":{"start":{"line":46,"column":18},"end":{"line":48,"column":null}}},"4":{"name":"(anonymous_18)","decl":{"start":{"line":50,"column":7},"end":{"line":50,"column":17}},"loc":{"start":{"line":50,"column":31},"end":{"line":52,"column":null}}},"5":{"name":"(anonymous_20)","decl":{"start":{"line":54,"column":7},"end":{"line":54,"column":18}},"loc":{"start":{"line":54,"column":29},"end":{"line":60,"column":null}}},"6":{"name":"(anonymous_22)","decl":{"start":{"line":55,"column":27},"end":{"line":55,"column":28}},"loc":{"start":{"line":55,"column":39},"end":{"line":59,"column":3}}},"7":{"name":"(anonymous_23)","decl":{"start":{"line":56,"column":14},"end":{"line":56,"column":17}},"loc":{"start":{"line":56,"column":19},"end":{"line":58,"column":4}}}},"branchMap":{"0":{"loc":{"start":{"line":26,"column":2},"end":{"line":33,"column":3}},"type":"if","locations":[{"start":{"line":26,"column":2},"end":{"line":33,"column":3}},{"start":{"line":31,"column":9},"end":{"line":33,"column":3}}]},"1":{"loc":{"start":{"line":38,"column":2},"end":{"line":43,"column":3}},"type":"if","locations":[{"start":{"line":38,"column":2},"end":{"line":43,"column":3}},{"start":{"line":40,"column":9},"end":{"line":43,"column":3}}]}},"s":{"0":1,"1":1,"2":1,"3":1,"4":1,"5":1,"6":1,"7":1,"8":1,"9":1,"10":1,"11":1,"12":1,"13":1,"14":1,"15":1,"16":0,"17":3,"18":3,"19":1,"20":2,"21":2,"22":0,"23":0,"24":0,"25":0,"26":0,"27":1,"28":1},"f":{"0":1,"1":1,"2":3,"3":0,"4":0,"5":0,"6":0,"7":0},"b":{"0":[1,0],"1":[1,2]}}
}
