TN:
SF:src\types.ts
FNF:0
FNH:0
DA:1,1
LF:1
LH:1
BRF:0
BRH:0
end_of_record
TN:
SF:src\user\user.entity.ts
FN:4,(anonymous_7)
FN:9,(anonymous_8)
FN:12,(anonymous_9)
FN:15,(anonymous_10)
FN:18,(anonymous_11)
FN:21,(anonymous_13)
FNF:6
FNH:6
FNDA:3,(anonymous_7)
FNDA:2,(anonymous_8)
FNDA:3,(anonymous_9)
FNDA:4,(anonymous_10)
FNDA:1,(anonymous_11)
FNDA:2,(anonymous_13)
DA:1,1
DA:3,1
DA:5,3
DA:6,3
DA:7,3
DA:10,2
DA:13,3
DA:16,4
DA:19,1
DA:22,2
LF:10
LH:10
BRF:0
BRH:0
end_of_record
TN:
SF:src\user\user.service.ts
FN:16,(anonymous_11)
FN:23,(anonymous_12)
FN:36,(anonymous_14)
FN:46,(anonymous_16)
FN:50,(anonymous_18)
FN:54,(anonymous_20)
FN:55,(anonymous_22)
FN:56,(anonymous_23)
FNF:8
FNH:3
FNDA:1,(anonymous_11)
FNDA:1,(anonymous_12)
FNDA:3,(anonymous_14)
FNDA:0,(anonymous_16)
FNDA:0,(anonymous_18)
FNDA:0,(anonymous_20)
FNDA:0,(anonymous_22)
FNDA:0,(anonymous_23)
DA:1,1
DA:2,1
DA:4,1
DA:7,1
DA:15,1
DA:17,1
DA:18,1
DA:19,1
DA:21,1
DA:24,1
DA:25,1
DA:26,1
DA:27,1
DA:28,1
DA:29,1
DA:30,1
DA:32,0
DA:37,3
DA:38,3
DA:39,1
DA:41,2
DA:42,2
DA:47,0
DA:51,0
DA:55,0
DA:56,0
DA:57,0
LF:27
LH:21
BRDA:26,0,0,1
BRDA:26,0,1,0
BRDA:38,1,0,1
BRDA:38,1,1,2
BRF:4
BRH:3
end_of_record
